<?xml version="1.0" encoding="UTF-8"?>
<!-- Generated by org.testng.reporters.JUnitReportReporter -->
<testsuite skipped="0" hostname="ASUS-Laptop" name="todolist1.Navbar" tests="2" failures="0" timestamp="2021-04-19T17:52:57 CET" time="7.442" errors="0">
  <testcase name="deconnexion" time="3.558" classname="todolist1.Navbar"/>
  <system-out/>
  <testcase name="taches" time="3.884" classname="todolist1.Navbar"/>
  <system-out/>
</testsuite> <!-- todolist1.Navbar -->
