<?xml version="1.0" encoding="UTF-8"?>
<!-- Generated by org.testng.reporters.JUnitReportReporter -->
<testsuite skipped="0" hostname="ASUS-Laptop" name="todolist1.Tasks" tests="2" failures="0" timestamp="2021-04-20T01:19:57 CET" time="24.711" errors="0">
  <testcase name="boutonajouter" time="19.522" classname="todolist1.Tasks"/>
  <system-out/>
  <testcase name="taches" time="5.189" classname="todolist1.Tasks"/>
  <system-out/>
</testsuite> <!-- todolist1.Tasks -->
