<?xml version="1.0" encoding="UTF-8"?>
<!-- Generated by org.testng.reporters.JUnitReportReporter -->
<testsuite skipped="0" hostname="ASUS-Laptop" name="todolist1.Home" tests="3" failures="0" timestamp="2021-04-19T21:49:46 CET" time="14.820" errors="0">
  <testcase name="alerteconnexion" time="4.336" classname="todolist1.Home"/>
  <system-out/>
  <testcase name="envoyer" time="4.627" classname="todolist1.Home"/>
  <system-out/>
  <testcase name="login" time="5.857" classname="todolist1.Home"/>
  <system-out/>
</testsuite> <!-- todolist1.Home -->
