<?xml version="1.0" encoding="UTF-8"?>
<!-- Generated by org.testng.reporters.JUnitReportReporter -->
<testsuite hostname="ASUS-Laptop" failures="0" tests="3" name="todolist1.Home" time="60.560" errors="0" timestamp="2021-04-20T01:46:18 CET" skipped="0">
  <testcase classname="todolist1.Home" name="login" time="10.622"/>
  <system-out/>
  <testcase classname="todolist1.Home" name="alerteconnexion" time="6.617"/>
  <system-out/>
  <testcase classname="todolist1.Home" name="envoyer" time="43.321"/>
  <system-out/>
</testsuite> <!-- todolist1.Home -->
