<?xml version="1.0" encoding="UTF-8"?>
<!-- Generated by org.testng.reporters.JUnitReportReporter -->
<testsuite hostname="ASUS-Laptop" failures="0" tests="2" name="todolist1.Navbar" time="9.951" errors="0" timestamp="2021-04-20T01:46:18 CET" skipped="0">
  <testcase classname="todolist1.Navbar" name="deconnexion" time="4.451"/>
  <system-out/>
  <testcase classname="todolist1.Navbar" name="taches" time="5.500"/>
  <system-out/>
</testsuite> <!-- todolist1.Navbar -->
