<?xml version="1.0" encoding="UTF-8"?>
<!-- Generated by org.testng.reporters.JUnitReportReporter -->
<testsuite skipped="0" hostname="ASUS-Laptop" name="todolist1.Connexion" tests="3" failures="0" timestamp="2021-04-19T12:15:33 CET" time="37.760" errors="0">
  <testcase name="login" time="9.993" classname="todolist1.Connexion"/>
  <system-out/>
  <testcase name="alerteconnexion" time="16.499" classname="todolist1.Connexion"/>
  <system-out/>
  <testcase name="envoyer" time="11.268" classname="todolist1.Connexion"/>
  <system-out/>
</testsuite> <!-- todolist1.Connexion -->
