<?xml version="1.0" encoding="UTF-8"?>
<!-- Generated by org.testng.reporters.JUnitReportReporter -->
<testsuite hostname="ASUS-Laptop" failures="0" tests="2" name="todolist1.Tasks" time="9.484" errors="0" timestamp="2021-04-20T01:46:18 CET" skipped="0">
  <testcase classname="todolist1.Tasks" name="boutonajouter" time="4.816"/>
  <system-out/>
  <testcase classname="todolist1.Tasks" name="taches" time="4.668"/>
  <system-out/>
</testsuite> <!-- todolist1.Tasks -->
